

*******************************************************************************
Sun Jan 15 19:49:58 2023


FIT:    data read from 'graph2_eq1'
        format = z
        #datapoints = 101
        residuals are weighted equally (unit weight)

function used for fitting: f(x)
	f(x) = m*x + b
fitted parameters initialized with current variable values

iter      chisq       delta/lim  lambda   m             b            
   0 3.3389754703e+11   0.00e+00  4.09e+04    1.000000e+00   1.000000e+00
   7 1.3939949666e+04  -8.62e-01  4.09e-03    7.005722e-03  -2.608331e+01

After 7 iterations the fit converged.
final sum of squares of residuals : 13939.9
rel. change during last iteration : -8.61522e-06

degrees of freedom    (FIT_NDF)                        : 99
rms of residuals      (FIT_STDFIT) = sqrt(WSSR/ndf)    : 11.8662
variance of residuals (reduced chisquare) = WSSR/ndf   : 140.808

Final set of parameters            Asymptotic Standard Error
=======================            ==========================
m               = 0.00700572       +/- 4.05e-05     (0.5781%)
b               = -26.0833         +/- 2.344        (8.987%)

correlation matrix of the fit parameters:
                m      b      
m               1.000 
b              -0.864  1.000 
